# JRE version: Java(TM) SE Runtime Environment (11.0.1+13) (build 11.0.1+13-LTS)
# Java VM: Java HotSpot(TM) 64-Bit Server VM (11.0.1+13-LTS, mixed mode, tiered, compressed oops, g1 gc, windows-amd64)
Heap:
 garbage-first heap   total 1024000K, used 534841K [0x00000000c1800000, 0x0000000100000000)
  region size 1024K, 0 young (0K), 0 survivors (0K)
 Metaspace       used 5153K, capacity 5204K, committed 5376K, reserved 1056768K
  class space    used 436K, capacity 461K, committed 512K, reserved 1048576K
GC Heap History (6 events):
Event: 0.206 GC heap before
{Heap before GC invocations=0 (full 0):
 garbage-first heap   total 65536K, used 21504K [0x00000000c1800000, 0x0000000100000000)
  region size 1024K, 2 young (2048K), 0 survivors (0K)
 Metaspace       used 5153K, capacity 5204K, committed 5376K, reserved 1056768K
  class space    used 436K, capacity 461K, committed 512K, reserved 1048576K
}
Event: 0.209 GC heap after
{Heap after GC invocations=1 (full 0):
 garbage-first heap   total 65536K, used 22008K [0x00000000c1800000, 0x0000000100000000)
  region size 1024K, 2 young (2048K), 2 survivors (2048K)
 Metaspace       used 5153K, capacity 5204K, committed 5376K, reserved 1056768K
  class space    used 436K, capacity 461K, committed 512K, reserved 1048576K
}
Event: 0.425 GC heap before
{Heap before GC invocations=2 (full 0):
 garbage-first heap   total 297984K, used 271864K [0x00000000c1800000, 0x0000000100000000)
  region size 1024K, 2 young (2048K), 2 survivors (2048K)
 Metaspace       used 5153K, capacity 5204K, committed 5376K, reserved 1056768K
  class space    used 436K, capacity 461K, committed 512K, reserved 1048576K
}
Event: 0.429 GC heap after
{Heap after GC invocations=3 (full 0):
 garbage-first heap   total 297984K, used 271860K [0x00000000c1800000, 0x0000000100000000)
  region size 1024K, 2 young (2048K), 2 survivors (2048K)
 Metaspace       used 5153K, capacity 5204K, committed 5376K, reserved 1056768K
  class space    used 436K, capacity 461K, committed 512K, reserved 1048576K
}
Event: 0.756 GC heap before
{Heap before GC invocations=3 (full 0):
 garbage-first heap   total 561152K, used 535028K [0x00000000c1800000, 0x0000000100000000)
  region size 1024K, 2 young (2048K), 2 survivors (2048K)
 Metaspace       used 5153K, capacity 5204K, committed 5376K, reserved 1056768K
  class space    used 436K, capacity 461K, committed 512K, reserved 1048576K
}
Event: 0.758 GC heap after
{Heap after GC invocations=4 (full 0):
 garbage-first heap   total 561152K, used 534841K [0x00000000c1800000, 0x0000000100000000)
  region size 1024K, 0 young (0K), 0 survivors (0K)
 Metaspace       used 5153K, capacity 5204K, committed 5376K, reserved 1056768K
  class space    used 436K, capacity 461K, committed 512K, reserved 1048576K
}

